<?xml version="1.0" encoding="UTF-8"?>
<!-- Generated by org.testng.reporters.JUnitReportReporter -->
<testsuite hostname="ASDP1732PO02529" name="com.training.OauthTest" tests="4" failures="0" timestamp="12 Jul 2017 10:49:44 GMT" time="1.512" errors="0">
  <testcase name="move_player" time="0.229" classname="com.training.OauthTest"/>
  <testcase name="update_player" time="0.435" classname="com.training.OauthTest"/>
  <testcase name="verify_board" time="0.743" classname="com.training.OauthTest"/>
  <testcase name="verify_player" time="0.105" classname="com.training.OauthTest"/>
</testsuite> <!-- com.training.OauthTest -->
