<?xml version="1.0" encoding="UTF-8"?>
<!-- Generated by org.testng.reporters.JUnitReportReporter -->
<testsuite hostname="ASDP1732PO02529" name="com.training.SnakeTest" tests="4" failures="0" timestamp="12 Jul 2017 09:05:22 GMT" time="3.040" errors="0">
  <testcase name="update_player" time="0.532" classname="com.training.SnakeTest"/>
  <testcase name="verify_player" time="0.125" classname="com.training.SnakeTest"/>
  <testcase name="verify_board" time="0.406" classname="com.training.SnakeTest"/>
  <testcase name="move_player" time="1.977" classname="com.training.SnakeTest"/>
</testsuite> <!-- com.training.SnakeTest -->
